Unity Editor version:    2021.3.24f1 (cf10dcf7010d)
Branch:                  2021.3/staging
Build type:              Release
Batch mode:              YES
macOS version:           Version 13.2.1 (Build 22D68)
Darwin version:          22.3.0
Architecture:            arm64
Running under Rosetta:   NO
Available memory:        16384 MB
Using pre-set license
Pro License: YES

COMMAND LINE ARGUMENTS:
/Applications/Unity/Hub/Editor/2021.3.24f1/Unity.app/Contents/MacOS/Unity
-adb2
-batchMode
-noUpm
-name
AssetImportWorker0
-projectPath
/Users/dankidon/CookieCoEatingAdventures
-logFile
Logs/AssetImportWorker0.log
-srvPort
62678
Successfully changed project path to: /Users/dankidon/CookieCoEatingAdventures
/Users/dankidon/CookieCoEatingAdventures
[UnityMemory] Configuration Parameters - Can be set up in boot.config
    "memorysetup-bucket-allocator-granularity=16"
    "memorysetup-bucket-allocator-bucket-count=8"
    "memorysetup-bucket-allocator-block-size=33554432"
    "memorysetup-bucket-allocator-block-count=8"
    "memorysetup-main-allocator-block-size=16777216"
    "memorysetup-thread-allocator-block-size=16777216"
    "memorysetup-gfx-main-allocator-block-size=16777216"
    "memorysetup-gfx-thread-allocator-block-size=16777216"
    "memorysetup-cache-allocator-block-size=4194304"
    "memorysetup-typetree-allocator-block-size=2097152"
    "memorysetup-profiler-bucket-allocator-granularity=16"
    "memorysetup-profiler-bucket-allocator-bucket-count=8"
    "memorysetup-profiler-bucket-allocator-block-size=33554432"
    "memorysetup-profiler-bucket-allocator-block-count=8"
    "memorysetup-profiler-allocator-block-size=16777216"
    "memorysetup-profiler-editor-allocator-block-size=1048576"
    "memorysetup-temp-allocator-size-main=16777216"
    "memorysetup-job-temp-allocator-block-size=2097152"
    "memorysetup-job-temp-allocator-block-size-background=1048576"
    "memorysetup-job-temp-allocator-reduction-small-platforms=262144"
    "memorysetup-temp-allocator-size-background-worker=32768"
    "memorysetup-temp-allocator-size-job-worker=262144"
    "memorysetup-temp-allocator-size-preload-manager=33554432"
    "memorysetup-temp-allocator-size-nav-mesh-worker=65536"
    "memorysetup-temp-allocator-size-audio-worker=65536"
    "memorysetup-temp-allocator-size-cloud-worker=32768"
    "memorysetup-temp-allocator-size-gi-baking-worker=262144"
    "memorysetup-temp-allocator-size-gfx=262144"
Player connection [8162984256] Host "[IP] 192.168.50.181 [Port] 0 [Flags] 2 [Guid] 1213324395 [EditorId] 1213324395 [Version] 1048832 [Id] OSXEditor(0,Daniels-MBP) [Debug] 1 [PackageName] OSXEditor [ProjectName] Editor" joined multi-casting on [225.0.0.222:54997]...

Player connection [8162984256] Host "[IP] 192.168.50.181 [Port] 0 [Flags] 2 [Guid] 1213324395 [EditorId] 1213324395 [Version] 1048832 [Id] OSXEditor(0,Daniels-MBP) [Debug] 1 [PackageName] OSXEditor [ProjectName] Editor" joined alternative multi-casting on [225.0.0.222:34997]...

Refreshing native plugins compatible for Editor in 60.57 ms, found 2 plugins.
Preloading 0 native plugins for Editor in 0.00 ms.
Initialize engine version: 2021.3.24f1 (cf10dcf7010d)
[Subsystems] Discovering subsystems at path /Applications/Unity/Hub/Editor/2021.3.24f1/Unity.app/Contents/Resources/UnitySubsystems
[Subsystems] Discovering subsystems at path /Users/dankidon/CookieCoEatingAdventures/Assets
GfxDevice: creating device client; threaded=0; jobified=0
 preferred device: Apple M1 Pro (high power)
Metal devices available: 1
0: Apple M1 Pro (high power)
Using device Apple M1 Pro (high power)
Initializing Metal device caps: Apple M1 Pro
Initialize mono
Mono path[0] = '/Applications/Unity/Hub/Editor/2021.3.24f1/Unity.app/Contents/Managed'
Mono path[1] = '/Applications/Unity/Hub/Editor/2021.3.24f1/Unity.app/Contents/MonoBleedingEdge/lib/mono/unityjit-macos'
Mono config path = '/Applications/Unity/Hub/Editor/2021.3.24f1/Unity.app/Contents/MonoBleedingEdge/etc'
Using monoOptions --debugger-agent=transport=dt_socket,embedding=1,server=y,suspend=n,address=127.0.0.1:56437
Begin MonoManager ReloadAssembly
Registering precompiled unity dll's ...
Register platform support module: /Applications/Unity/Hub/Editor/2021.3.24f1/PlaybackEngines/WebGLSupport/UnityEditor.WebGL.Extensions.dll
Register platform support module: /Applications/Unity/Hub/Editor/2021.3.24f1/Unity.app/Contents/PlaybackEngines/MacStandaloneSupport/UnityEditor.OSXStandalone.Extensions.dll
Registered in 0.001522 seconds.
Native extension for OSXStandalone target not found
Native extension for WebGL target not found
Refreshing native plugins compatible for Editor in 64.37 ms, found 2 plugins.
Preloading 0 native plugins for Editor in 0.00 ms.
Mono: successfully reloaded assembly
- Completed reload, in  0.393 seconds
Domain Reload Profiling:
	ReloadAssembly (393ms)
		BeginReloadAssembly (59ms)
			ExecutionOrderSort (0ms)
			DisableScriptedObjects (0ms)
			BackupInstance (0ms)
			ReleaseScriptingObjects (0ms)
			CreateAndSetChildDomain (0ms)
		EndReloadAssembly (279ms)
			LoadAssemblies (59ms)
			RebuildTransferFunctionScriptingTraits (0ms)
			SetupTypeCache (65ms)
			ReleaseScriptCaches (0ms)
			RebuildScriptCaches (20ms)
			SetupLoadedEditorAssemblies (168ms)
				LogAssemblyErrors (0ms)
				InitializePlatformSupportModulesInManaged (4ms)
				SetLoadedEditorAssemblies (0ms)
				RefreshPlugins (64ms)
				BeforeProcessingInitializeOnLoad (1ms)
				ProcessInitializeOnLoadAttributes (75ms)
				ProcessInitializeOnLoadMethodAttributes (24ms)
				AfterProcessingInitializeOnLoad (0ms)
				EditorAssembliesLoaded (0ms)
			ExecutionOrderSort2 (0ms)
			AwakeInstancesAfterBackupRestoration (0ms)
Platform modules already initialized, skipping
Registering precompiled user dll's ...
Registered in 0.001318 seconds.
Begin MonoManager ReloadAssembly
Symbol file LoadedFromMemory doesn't match image /Users/dankidon/CookieCoEatingAdventures/Library/PackageCache/com.unity.visualscripting@1.8.0/Editor/VisualScripting.Core/Dependencies/YamlDotNet/Unity.VisualScripting.YamlDotNet.dll
Symbol file LoadedFromMemory doesn't match image /Users/dankidon/CookieCoEatingAdventures/Library/PackageCache/com.unity.visualscripting@1.8.0/Editor/VisualScripting.Core/Dependencies/DotNetZip/Unity.VisualScripting.IonicZip.dll
Native extension for OSXStandalone target not found
Native extension for WebGL target not found
Refreshing native plugins compatible for Editor in 0.37 ms, found 2 plugins.
Preloading 0 native plugins for Editor in 0.00 ms.
Mono: successfully reloaded assembly
- Completed reload, in  0.565 seconds
Domain Reload Profiling:
	ReloadAssembly (566ms)
		BeginReloadAssembly (58ms)
			ExecutionOrderSort (0ms)
			DisableScriptedObjects (3ms)
			BackupInstance (0ms)
			ReleaseScriptingObjects (0ms)
			CreateAndSetChildDomain (14ms)
		EndReloadAssembly (445ms)
			LoadAssemblies (44ms)
			RebuildTransferFunctionScriptingTraits (0ms)
			SetupTypeCache (163ms)
			ReleaseScriptCaches (0ms)
			RebuildScriptCaches (33ms)
			SetupLoadedEditorAssemblies (185ms)
				LogAssemblyErrors (0ms)
				InitializePlatformSupportModulesInManaged (2ms)
				SetLoadedEditorAssemblies (0ms)
				RefreshPlugins (0ms)
				BeforeProcessingInitializeOnLoad (51ms)
				ProcessInitializeOnLoadAttributes (121ms)
				ProcessInitializeOnLoadMethodAttributes (10ms)
				AfterProcessingInitializeOnLoad (1ms)
				EditorAssembliesLoaded (0ms)
			ExecutionOrderSort2 (0ms)
			AwakeInstancesAfterBackupRestoration (2ms)
Platform modules already initialized, skipping
========================================================================
Worker process is ready to serve import requests
Launching external process: /Applications/Unity/Hub/Editor/2021.3.24f1/Unity.app/Contents/Tools/UnityShaderCompiler
Launched and connected shader compiler UnityShaderCompiler after 0.05 seconds
Refreshing native plugins compatible for Editor in 0.33 ms, found 2 plugins.
Preloading 0 native plugins for Editor in 0.00 ms.
Unloading 3047 Unused Serialized files (Serialized files now loaded: 0)
Unloading 24 unused Assets / (Unknown). Loaded Objects now: 3507.
Memory consumption went from 102.0 MB to 102.0 MB.
Total: 2.078209 ms (FindLiveObjects: 0.091041 ms CreateObjectMapping: 0.033750 ms MarkObjects: 1.879208 ms  DeleteObjects: 0.073625 ms)

AssetImportParameters requested are different than current active one (requested -> active):
  custom:video-decoder-ogg-theora: a1e56fd34408186e4bbccfd4996cb3dc -> 
  custom:container-muxer-webm: aa71ff27fc2769a1b78a27578f13a17b -> 
  custom:container-demuxer-webm: 4f35f7cbe854078d1ac9338744f61a02 -> 
  custom:video-encoder-webm-vp8: eb34c28f22e8b96e1ab97ce403110664 -> 
  custom:framework-osx-AVFoundation: e770b220cccbd017edd2c1fefb359320 -> 
  custom:audio-encoder-webm-vorbis: bf7c407c2cedff20999df2af8eb42d56 -> 
  custom:container-demuxer-ogg: 62fdf1f143b41e24485cea50d1cbac27 -> 
  custom:video-decoder-webm-vp8: 9c59270c3fd7afecdb556c50c9e8de78 -> 
  custom:audio-decoder-ogg-vorbis: bf7c407c2cedff20999df2af8eb42d56 -> 
========================================================================
Received Import Request.
  Time since last request: 933963.780406 seconds.
  path: Assets/Materials
  artifactKey: Guid(aab9b7e51662b43f4839c094ec6365e9) Importer(815301076,1909f56bfc062723c751e8b465ee728b)
Start importing Assets/Materials using Guid(aab9b7e51662b43f4839c094ec6365e9) Importer(815301076,1909f56bfc062723c751e8b465ee728b)  -> (artifact id: 'a680f7150562e87b1d87b41edd595f98') in 0.004397 seconds 
========================================================================
Received Import Request.
  Time since last request: 11.885251 seconds.
  path: Assets/Materials/Ground.mat
  artifactKey: Guid(9190b14b681cc4a0c8736c7daa8157af) Importer(815301076,1909f56bfc062723c751e8b465ee728b)
Start importing Assets/Materials/Ground.mat using Guid(9190b14b681cc4a0c8736c7daa8157af) Importer(815301076,1909f56bfc062723c751e8b465ee728b)  -> (artifact id: '8d23d12f0026ded05188c4dc4090f8a0') in 0.286019 seconds 
========================================================================
Received Import Request.
  Time since last request: 157.501579 seconds.
  path: Assets/Materials/Launch Pad.mat
  artifactKey: Guid(0b55feae315f644698e5358374aff2ec) Importer(815301076,1909f56bfc062723c751e8b465ee728b)
Start importing Assets/Materials/Launch Pad.mat using Guid(0b55feae315f644698e5358374aff2ec) Importer(815301076,1909f56bfc062723c751e8b465ee728b)  -> (artifact id: '80d138b3bd3c8d86d240c826fe83d0b2') in 0.006329 seconds 
========================================================================
Received Import Request.
  Time since last request: 121.766054 seconds.
  path: Assets/Materials/Landing Pad.mat
  artifactKey: Guid(7adf96935ed6d463d879849668b031e7) Importer(815301076,1909f56bfc062723c751e8b465ee728b)
Start importing Assets/Materials/Landing Pad.mat using Guid(7adf96935ed6d463d879849668b031e7) Importer(815301076,1909f56bfc062723c751e8b465ee728b)  -> (artifact id: '80fb271fd60dc9b318a7818a242ac872') in 0.005480 seconds 
========================================================================
Received Import Request.
  Time since last request: 1135.098817 seconds.
  path: Assets/Materials/CookieCoo.mat
  artifactKey: Guid(29012a5b4fc0f421aa1285797026b5f0) Importer(815301076,1909f56bfc062723c751e8b465ee728b)
Start importing Assets/Materials/CookieCoo.mat using Guid(29012a5b4fc0f421aa1285797026b5f0) Importer(815301076,1909f56bfc062723c751e8b465ee728b)  -> (artifact id: '78c3b7935ff45517ce25fee9deb9e346') in 0.005553 seconds 
========================================================================
Received Import Request.
  Time since last request: 118.902099 seconds.
  path: Assets/Materials/New Material.mat
  artifactKey: Guid(0e72ca9a24d064e248891acf60422cbb) Importer(815301076,1909f56bfc062723c751e8b465ee728b)
Start importing Assets/Materials/New Material.mat using Guid(0e72ca9a24d064e248891acf60422cbb) Importer(815301076,1909f56bfc062723c751e8b465ee728b)  -> (artifact id: 'e6863fa9696078053ea4b2f9ef47f539') in 0.005235 seconds 
========================================================================
Received Import Request.
  Time since last request: 8.017987 seconds.
  path: Assets/Materials/Eyes.mat
  artifactKey: Guid(0e72ca9a24d064e248891acf60422cbb) Importer(815301076,1909f56bfc062723c751e8b465ee728b)
Start importing Assets/Materials/Eyes.mat using Guid(0e72ca9a24d064e248891acf60422cbb) Importer(815301076,1909f56bfc062723c751e8b465ee728b)  -> (artifact id: '4fbcbb95a97ff5474391dcf89d515c66') in 0.005332 seconds 
========================================================================
Received Import Request.
  Time since last request: 150.161549 seconds.
  path: Assets/Launch Pad.prefab
  artifactKey: Guid(4066a5adb91ae49dcb24b134b2bf60e1) Importer(815301076,1909f56bfc062723c751e8b465ee728b)
Start importing Assets/Launch Pad.prefab using Guid(4066a5adb91ae49dcb24b134b2bf60e1) Importer(815301076,1909f56bfc062723c751e8b465ee728b)  -> (artifact id: '529b573f542a23c302113ff2cd6fe344') in 0.441490 seconds 
========================================================================
Received Import Request.
  Time since last request: 2.955667 seconds.
  path: Assets/Landing Pad.prefab
  artifactKey: Guid(5760fc5f8788d49a2b793585786bed93) Importer(815301076,1909f56bfc062723c751e8b465ee728b)
Start importing Assets/Landing Pad.prefab using Guid(5760fc5f8788d49a2b793585786bed93) Importer(815301076,1909f56bfc062723c751e8b465ee728b)  -> (artifact id: '92f989606bd0c3211c60927b75b6c7ce') in 0.005109 seconds 
========================================================================
Received Import Request.
  Time since last request: 15.663091 seconds.
  path: Assets/Scenes
  artifactKey: Guid(6ea315d0fd7389c41b19996891e99ae3) Importer(815301076,1909f56bfc062723c751e8b465ee728b)
Start importing Assets/Scenes using Guid(6ea315d0fd7389c41b19996891e99ae3) Importer(815301076,1909f56bfc062723c751e8b465ee728b)  -> (artifact id: 'b8193726cff86800c54781cdc6d54904') in 0.002385 seconds 
========================================================================
Received Import Request.
  Time since last request: 20.346754 seconds.
  path: Assets/Ground.prefab
  artifactKey: Guid(d579e2f82962d429fa653679e201f103) Importer(815301076,1909f56bfc062723c751e8b465ee728b)
Start importing Assets/Ground.prefab using Guid(d579e2f82962d429fa653679e201f103) Importer(815301076,1909f56bfc062723c751e8b465ee728b)  -> (artifact id: 'da3274de4d8e84a907cd3e6634869ec3') in 0.004816 seconds 
========================================================================
Received Import Request.
  Time since last request: 3.310670 seconds.
  path: Assets/Player (Cookie Coo).prefab
  artifactKey: Guid(d1ca442e62a714e6f8a27969d77147f6) Importer(815301076,1909f56bfc062723c751e8b465ee728b)
Start importing Assets/Player (Cookie Coo).prefab using Guid(d1ca442e62a714e6f8a27969d77147f6) Importer(815301076,1909f56bfc062723c751e8b465ee728b)  -> (artifact id: '160f2f9682008486102f517e71953e34') in 0.008980 seconds 
========================================================================
Received Import Request.
  Time since last request: 54.390088 seconds.
  path: Assets/Scenes/SampleScene.unity
  artifactKey: Guid(9fc0d4010bbf28b4594072e72b8655ab) Importer(815301076,1909f56bfc062723c751e8b465ee728b)
Start importing Assets/Scenes/SampleScene.unity using Guid(9fc0d4010bbf28b4594072e72b8655ab) Importer(815301076,1909f56bfc062723c751e8b465ee728b)  -> (artifact id: 'e55ccaa32d8e5c1de03c07a5412c8c3c') in 0.001471 seconds 
========================================================================
Received Import Request.
  Time since last request: 11.226333 seconds.
  path: Assets/Scenes/Sandbox.unity
  artifactKey: Guid(9fc0d4010bbf28b4594072e72b8655ab) Importer(815301076,1909f56bfc062723c751e8b465ee728b)
Start importing Assets/Scenes/Sandbox.unity using Guid(9fc0d4010bbf28b4594072e72b8655ab) Importer(815301076,1909f56bfc062723c751e8b465ee728b)  -> (artifact id: 'c4c134dfc941ef5346672d2d2d5198d0') in 0.000927 seconds 
========================================================================
Received Import Request.
  Time since last request: 110.922850 seconds.
  path: Assets/Scenes/SandBox.unity
  artifactKey: Guid(9fc0d4010bbf28b4594072e72b8655ab) Importer(815301076,1909f56bfc062723c751e8b465ee728b)
Start importing Assets/Scenes/SandBox.unity using Guid(9fc0d4010bbf28b4594072e72b8655ab) Importer(815301076,1909f56bfc062723c751e8b465ee728b)  -> (artifact id: 'd51ccfd2dd8ad54a0ef4226331c9d403') in 0.001512 seconds 
========================================================================
Received Import Request.
  Time since last request: 162.738347 seconds.
  path: Assets/Ground.prefab
  artifactKey: Guid(d579e2f82962d429fa653679e201f103) Importer(815301076,1909f56bfc062723c751e8b465ee728b)
Start importing Assets/Ground.prefab using Guid(d579e2f82962d429fa653679e201f103) Importer(815301076,1909f56bfc062723c751e8b465ee728b)  -> (artifact id: '569098fe82498d861919ed26ba766e7a') in 0.005712 seconds 
========================================================================
Received Import Request.
  Time since last request: 0.000068 seconds.
  path: Assets/Launch Pad.prefab
  artifactKey: Guid(4066a5adb91ae49dcb24b134b2bf60e1) Importer(815301076,1909f56bfc062723c751e8b465ee728b)
Start importing Assets/Launch Pad.prefab using Guid(4066a5adb91ae49dcb24b134b2bf60e1) Importer(815301076,1909f56bfc062723c751e8b465ee728b)  -> (artifact id: 'd11bd6e4a32a160defa586fa42ee27e5') in 0.004783 seconds 
========================================================================
Received Import Request.
  Time since last request: 0.000033 seconds.
  path: Assets/Player (Cookie Coo).prefab
  artifactKey: Guid(d1ca442e62a714e6f8a27969d77147f6) Importer(815301076,1909f56bfc062723c751e8b465ee728b)
Start importing Assets/Player (Cookie Coo).prefab using Guid(d1ca442e62a714e6f8a27969d77147f6) Importer(815301076,1909f56bfc062723c751e8b465ee728b)  -> (artifact id: '6e19991841dd3d314d3c35df16322e30') in 0.005315 seconds 
========================================================================
Received Import Request.
  Time since last request: 119.103853 seconds.
  path: Assets/Movement.cs
  artifactKey: Guid(0add8aba501184d23b31638dfcb9077a) Importer(815301076,1909f56bfc062723c751e8b465ee728b)
Start importing Assets/Movement.cs using Guid(0add8aba501184d23b31638dfcb9077a) Importer(815301076,1909f56bfc062723c751e8b465ee728b)  -> (artifact id: '709dfc55d529ea293b6927c79e817f95') in 0.086500 seconds 
========================================================================
Received Prepare
Registering precompiled user dll's ...
Registered in 0.001448 seconds.
Begin MonoManager ReloadAssembly
Thread 0x29c707000 may have been prematurely finalized
Symbol file LoadedFromMemory doesn't match image /Users/dankidon/CookieCoEatingAdventures/Library/PackageCache/com.unity.visualscripting@1.8.0/Editor/VisualScripting.Core/Dependencies/YamlDotNet/Unity.VisualScripting.YamlDotNet.dll
Symbol file LoadedFromMemory doesn't match image /Users/dankidon/CookieCoEatingAdventures/Library/PackageCache/com.unity.visualscripting@1.8.0/Editor/VisualScripting.Core/Dependencies/DotNetZip/Unity.VisualScripting.IonicZip.dll
Native extension for OSXStandalone target not found
Native extension for WebGL target not found
Refreshing native plugins compatible for Editor in 0.36 ms, found 2 plugins.
Preloading 0 native plugins for Editor in 0.00 ms.
Mono: successfully reloaded assembly
- Completed reload, in  0.512 seconds
Domain Reload Profiling:
	ReloadAssembly (513ms)
		BeginReloadAssembly (76ms)
			ExecutionOrderSort (0ms)
			DisableScriptedObjects (2ms)
			BackupInstance (0ms)
			ReleaseScriptingObjects (0ms)
			CreateAndSetChildDomain (26ms)
		EndReloadAssembly (386ms)
			LoadAssemblies (33ms)
			RebuildTransferFunctionScriptingTraits (0ms)
			SetupTypeCache (156ms)
			ReleaseScriptCaches (1ms)
			RebuildScriptCaches (25ms)
			SetupLoadedEditorAssemblies (151ms)
				LogAssemblyErrors (0ms)
				InitializePlatformSupportModulesInManaged (2ms)
				SetLoadedEditorAssemblies (0ms)
				RefreshPlugins (0ms)
				BeforeProcessingInitializeOnLoad (34ms)
				ProcessInitializeOnLoadAttributes (104ms)
				ProcessInitializeOnLoadMethodAttributes (9ms)
				AfterProcessingInitializeOnLoad (1ms)
				EditorAssembliesLoaded (0ms)
			ExecutionOrderSort2 (0ms)
			AwakeInstancesAfterBackupRestoration (2ms)
Platform modules already initialized, skipping
Refreshing native plugins compatible for Editor in 0.63 ms, found 2 plugins.
Preloading 0 native plugins for Editor in 0.00 ms.
Unloading 3043 Unused Serialized files (Serialized files now loaded: 0)
Unloading 17 unused Assets / (44.8 KB). Loaded Objects now: 3556.
Memory consumption went from 116.9 MB to 116.9 MB.
Total: 2.063625 ms (FindLiveObjects: 0.098833 ms CreateObjectMapping: 0.036042 ms MarkObjects: 1.874250 ms  DeleteObjects: 0.053917 ms)

AssetImportParameters requested are different than current active one (requested -> active):
  custom:video-decoder-ogg-theora: a1e56fd34408186e4bbccfd4996cb3dc -> 
  custom:container-muxer-webm: aa71ff27fc2769a1b78a27578f13a17b -> 
  custom:container-demuxer-webm: 4f35f7cbe854078d1ac9338744f61a02 -> 
  custom:video-encoder-webm-vp8: eb34c28f22e8b96e1ab97ce403110664 -> 
  custom:framework-osx-AVFoundation: e770b220cccbd017edd2c1fefb359320 -> 
  custom:audio-encoder-webm-vorbis: bf7c407c2cedff20999df2af8eb42d56 -> 
  custom:container-demuxer-ogg: 62fdf1f143b41e24485cea50d1cbac27 -> 
  custom:video-decoder-webm-vp8: 9c59270c3fd7afecdb556c50c9e8de78 -> 
  custom:audio-decoder-ogg-vorbis: bf7c407c2cedff20999df2af8eb42d56 -> 
